0 verbose cli C:\Program Files\nodejs\node.exe C:\Program Files\nodejs\node_modules\npm\bin\npm-cli.js
1 info using npm@11.9.0
2 info using node@v24.14.0
3 silly config load:file:C:\Program Files\nodejs\node_modules\npm\npmrc
4 silly config load:file:C:\Users\Mayank\Desktop\Agent_Version_1\frontend\.npmrc
5 silly config load:file:C:\Users\Mayank\.npmrc
6 silly config load:file:C:\Users\Mayank\AppData\Roaming\npm\etc\npmrc
7 verbose title npm install react-router-dom@^6.28.0
8 verbose argv "install" "react-router-dom@^6.28.0" "--cache" ".npm-cache"
9 verbose logfile logs-max:10 dir:C:\Users\Mayank\Desktop\Agent_Version_1\frontend\.npm-cache\_logs\2026-05-19T11_20_33_130Z-
10 verbose logfile C:\Users\Mayank\Desktop\Agent_Version_1\frontend\.npm-cache\_logs\2026-05-19T11_20_33_130Z-debug-0.log
11 silly logfile done cleaning log files
12 silly packumentCache heap:4496293888 maxSize:1124073472 maxEntrySize:562036736
13 verbose shrinkwrap failed to load node_modules/.package-lock.json out of date, updated: node_modules
14 silly idealTree buildDeps
15 silly fetch manifest react-router-dom@^6.28.0
16 silly packumentCache full:https://registry.npmjs.org/react-router-dom cache-miss
17 http fetch GET 200 https://registry.npmjs.org/npm 518ms
18 http fetch GET 200 https://registry.npmjs.org/react-router-dom 926ms (cache miss)
19 silly packumentCache full:https://registry.npmjs.org/react-router-dom set size:undefined disposed:false
20 silly fetch manifest react@^18.3.1
21 silly packumentCache full:https://registry.npmjs.org/react cache-miss
22 http fetch GET 200 https://registry.npmjs.org/react 224ms (cache miss)
23 silly packumentCache full:https://registry.npmjs.org/react set size:undefined disposed:false
24 silly fetch manifest react-dom@^18.3.1
25 silly packumentCache full:https://registry.npmjs.org/react-dom cache-miss
26 http fetch GET 200 https://registry.npmjs.org/react-dom 585ms (cache miss)
27 silly packumentCache full:https://registry.npmjs.org/react-dom set size:undefined disposed:false
28 silly placeDep ROOT react-router-dom@6.30.3 OK for: company-intelligence-extractor-frontend@1.0.0 want: ^6.28.0
29 silly fetch manifest react-router@6.30.3
30 silly packumentCache full:https://registry.npmjs.org/react-router cache-miss
31 silly fetch manifest @remix-run/router@1.23.2
32 silly packumentCache full:https://registry.npmjs.org/@remix-run%2frouter cache-miss
33 http fetch GET 200 https://registry.npmjs.org/@remix-run%2frouter 105ms (cache miss)
34 silly packumentCache full:https://registry.npmjs.org/@remix-run%2frouter set size:undefined disposed:false
35 http fetch GET 200 https://registry.npmjs.org/react-router 147ms (cache miss)
36 silly packumentCache full:https://registry.npmjs.org/react-router set size:undefined disposed:false
37 silly fetch manifest react@>=16.8
38 silly packumentCache full:https://registry.npmjs.org/react cache-miss
39 http cache https://registry.npmjs.org/react 79ms (cache hit)
40 silly packumentCache full:https://registry.npmjs.org/react set size:6650647 disposed:false
41 silly placeDep ROOT @remix-run/router@1.23.2 OK for: react-router-dom@6.30.3 want: 1.23.2
42 silly placeDep ROOT react-router@6.30.3 OK for: react-router-dom@6.30.3 want: 6.30.3
43 silly reify moves {}
44 silly audit bulk request {
44 silly audit   '@alloc/quick-lru': [ '5.2.0' ],
44 silly audit   '@babel/code-frame': [ '7.29.0' ],
44 silly audit   '@babel/compat-data': [ '7.29.3' ],
44 silly audit   '@babel/core': [ '7.29.0' ],
44 silly audit   '@babel/generator': [ '7.29.1' ],
44 silly audit   '@babel/helper-compilation-targets': [ '7.28.6' ],
44 silly audit   '@babel/helper-globals': [ '7.28.0' ],
44 silly audit   '@babel/helper-module-imports': [ '7.28.6' ],
44 silly audit   '@babel/helper-module-transforms': [ '7.28.6' ],
44 silly audit   '@babel/helper-plugin-utils': [ '7.28.6' ],
44 silly audit   '@babel/helper-string-parser': [ '7.27.1' ],
44 silly audit   '@babel/helper-validator-identifier': [ '7.28.5' ],
44 silly audit   '@babel/helper-validator-option': [ '7.27.1' ],
44 silly audit   '@babel/helpers': [ '7.29.2' ],
44 silly audit   '@babel/parser': [ '7.29.3' ],
44 silly audit   '@babel/plugin-transform-react-jsx-self': [ '7.27.1' ],
44 silly audit   '@babel/plugin-transform-react-jsx-source': [ '7.27.1' ],
44 silly audit   '@babel/template': [ '7.28.6' ],
44 silly audit   '@babel/traverse': [ '7.29.0' ],
44 silly audit   '@babel/types': [ '7.29.0' ],
44 silly audit   '@esbuild/aix-ppc64': [ '0.25.12' ],
44 silly audit   '@esbuild/android-arm': [ '0.25.12' ],
44 silly audit   '@esbuild/android-arm64': [ '0.25.12' ],
44 silly audit   '@esbuild/android-x64': [ '0.25.12' ],
44 silly audit   '@esbuild/darwin-arm64': [ '0.25.12' ],
44 silly audit   '@esbuild/darwin-x64': [ '0.25.12' ],
44 silly audit   '@esbuild/freebsd-arm64': [ '0.25.12' ],
44 silly audit   '@esbuild/freebsd-x64': [ '0.25.12' ],
44 silly audit   '@esbuild/linux-arm': [ '0.25.12' ],
44 silly audit   '@esbuild/linux-arm64': [ '0.25.12' ],
44 silly audit   '@esbuild/linux-ia32': [ '0.25.12' ],
44 silly audit   '@esbuild/linux-loong64': [ '0.25.12' ],
44 silly audit   '@esbuild/linux-mips64el': [ '0.25.12' ],
44 silly audit   '@esbuild/linux-ppc64': [ '0.25.12' ],
44 silly audit   '@esbuild/linux-riscv64': [ '0.25.12' ],
44 silly audit   '@esbuild/linux-s390x': [ '0.25.12' ],
44 silly audit   '@esbuild/linux-x64': [ '0.25.12' ],
44 silly audit   '@esbuild/netbsd-arm64': [ '0.25.12' ],
44 silly audit   '@esbuild/netbsd-x64': [ '0.25.12' ],
44 silly audit   '@esbuild/openbsd-arm64': [ '0.25.12' ],
44 silly audit   '@esbuild/openbsd-x64': [ '0.25.12' ],
44 silly audit   '@esbuild/openharmony-arm64': [ '0.25.12' ],
44 silly audit   '@esbuild/sunos-x64': [ '0.25.12' ],
44 silly audit   '@esbuild/win32-arm64': [ '0.25.12' ],
44 silly audit   '@esbuild/win32-ia32': [ '0.25.12' ],
44 silly audit   '@esbuild/win32-x64': [ '0.25.12' ],
44 silly audit   '@jridgewell/gen-mapping': [ '0.3.13' ],
44 silly audit   '@jridgewell/remapping': [ '2.3.5' ],
44 silly audit   '@jridgewell/resolve-uri': [ '3.1.2' ],
44 silly audit   '@jridgewell/sourcemap-codec': [ '1.5.5' ],
44 silly audit   '@jridgewell/trace-mapping': [ '0.3.31' ],
44 silly audit   '@nodelib/fs.scandir': [ '2.1.5' ],
44 silly audit   '@nodelib/fs.stat': [ '2.0.5' ],
44 silly audit   '@nodelib/fs.walk': [ '1.2.8' ],
44 silly audit   '@rolldown/pluginutils': [ '1.0.0-beta.27' ],
44 silly audit   '@rollup/rollup-android-arm-eabi': [ '4.60.4' ],
44 silly audit   '@rollup/rollup-android-arm64': [ '4.60.4' ],
44 silly audit   '@rollup/rollup-darwin-arm64': [ '4.60.4' ],
44 silly audit   '@rollup/rollup-darwin-x64': [ '4.60.4' ],
44 silly audit   '@rollup/rollup-freebsd-arm64': [ '4.60.4' ],
44 silly audit   '@rollup/rollup-freebsd-x64': [ '4.60.4' ],
44 silly audit   '@rollup/rollup-linux-arm-gnueabihf': [ '4.60.4' ],
44 silly audit   '@rollup/rollup-linux-arm-musleabihf': [ '4.60.4' ],
44 silly audit   '@rollup/rollup-linux-arm64-gnu': [ '4.60.4' ],
44 silly audit   '@rollup/rollup-linux-arm64-musl': [ '4.60.4' ],
44 silly audit   '@rollup/rollup-linux-loong64-gnu': [ '4.60.4' ],
44 silly audit   '@rollup/rollup-linux-loong64-musl': [ '4.60.4' ],
44 silly audit   '@rollup/rollup-linux-ppc64-gnu': [ '4.60.4' ],
44 silly audit   '@rollup/rollup-linux-ppc64-musl': [ '4.60.4' ],
44 silly audit   '@rollup/rollup-linux-riscv64-gnu': [ '4.60.4' ],
44 silly audit   '@rollup/rollup-linux-riscv64-musl': [ '4.60.4' ],
44 silly audit   '@rollup/rollup-linux-s390x-gnu': [ '4.60.4' ],
44 silly audit   '@rollup/rollup-linux-x64-gnu': [ '4.60.4' ],
44 silly audit   '@rollup/rollup-linux-x64-musl': [ '4.60.4' ],
44 silly audit   '@rollup/rollup-openbsd-x64': [ '4.60.4' ],
44 silly audit   '@rollup/rollup-openharmony-arm64': [ '4.60.4' ],
44 silly audit   '@rollup/rollup-win32-arm64-msvc': [ '4.60.4' ],
44 silly audit   '@rollup/rollup-win32-ia32-msvc': [ '4.60.4' ],
44 silly audit   '@rollup/rollup-win32-x64-gnu': [ '4.60.4' ],
44 silly audit   '@rollup/rollup-win32-x64-msvc': [ '4.60.4' ],
44 silly audit   '@types/babel__core': [ '7.20.5' ],
44 silly audit   '@types/babel__generator': [ '7.27.0' ],
44 silly audit   '@types/babel__template': [ '7.4.4' ],
44 silly audit   '@types/babel__traverse': [ '7.28.0' ],
44 silly audit   '@types/estree': [ '1.0.8' ],
44 silly audit   '@types/prop-types': [ '15.7.15' ],
44 silly audit   '@types/react': [ '18.3.28' ],
44 silly audit   '@types/react-dom': [ '18.3.7' ],
44 silly audit   '@vitejs/plugin-react': [ '4.7.0' ],
44 silly audit   'agent-base': [ '6.0.2' ],
44 silly audit   'any-promise': [ '1.3.0' ],
44 silly audit   anymatch: [ '3.1.3' ],
44 silly audit   arg: [ '5.0.2' ],
44 silly audit   asynckit: [ '0.4.0' ],
44 silly audit   autoprefixer: [ '10.5.0' ],
44 silly audit   axios: [ '1.16.1' ],
44 silly audit   'baseline-browser-mapping': [ '2.10.31' ],
44 silly audit   'binary-extensions': [ '2.3.0' ],
44 silly audit   braces: [ '3.0.3' ],
44 silly audit   browserslist: [ '4.28.2' ],
44 silly audit   'call-bind-apply-helpers': [ '1.0.2' ],
44 silly audit   'camelcase-css': [ '2.0.1' ],
44 silly audit   'caniuse-lite': [ '1.0.30001793' ],
44 silly audit   chokidar: [ '3.6.0' ],
44 silly audit   'glob-parent': [ '5.1.2', '6.0.2' ],
44 silly audit   'combined-stream': [ '1.0.8' ],
44 silly audit   commander: [ '4.1.1' ],
44 silly audit   'convert-source-map': [ '2.0.0' ],
44 silly audit   cssesc: [ '3.0.0' ],
44 silly audit   csstype: [ '3.2.3' ],
44 silly audit   debug: [ '4.4.3' ],
44 silly audit   'delayed-stream': [ '1.0.0' ],
44 silly audit   didyoumean: [ '1.2.2' ],
44 silly audit   dlv: [ '1.1.3' ],
44 silly audit   'dunder-proto': [ '1.0.1' ],
44 silly audit   'electron-to-chromium': [ '1.5.359' ],
44 silly audit   'es-define-property': [ '1.0.1' ],
44 silly audit   'es-errors': [ '1.3.0' ],
44 silly audit   'es-object-atoms': [ '1.1.1' ],
44 silly audit   'es-set-tostringtag': [ '2.1.0' ],
44 silly audit   esbuild: [ '0.25.12' ],
44 silly audit   escalade: [ '3.2.0' ],
44 silly audit   'fast-glob': [ '3.3.3' ],
44 silly audit   fastq: [ '1.20.1' ],
44 silly audit   'fill-range': [ '7.1.1' ],
44 silly audit   'follow-redirects': [ '1.16.0' ],
44 silly audit   'form-data': [ '4.0.5' ],
44 silly audit   'fraction.js': [ '5.3.4' ],
44 silly audit   'framer-motion': [ '12.39.0' ],
44 silly audit   fsevents: [ '2.3.3' ],
44 silly audit   'function-bind': [ '1.1.2' ],
44 silly audit   gensync: [ '1.0.0-beta.2' ],
44 silly audit   'get-intrinsic': [ '1.3.0' ],
44 silly audit   'get-proto': [ '1.0.1' ],
44 silly audit   goober: [ '2.1.19' ],
44 silly audit   gopd: [ '1.2.0' ],
44 silly audit   'has-symbols': [ '1.1.0' ],
44 silly audit   'has-tostringtag': [ '1.0.2' ],
44 silly audit   hasown: [ '2.0.3' ],
44 silly audit   'https-proxy-agent': [ '5.0.1' ],
44 silly audit   'is-binary-path': [ '2.1.0' ],
44 silly audit   'is-core-module': [ '2.16.2' ],
44 silly audit   'is-extglob': [ '2.1.1' ],
44 silly audit   'is-glob': [ '4.0.3' ],
44 silly audit   'is-number': [ '7.0.0' ],
44 silly audit   jiti: [ '1.21.7' ],
44 silly audit   'js-tokens': [ '4.0.0' ],
44 silly audit   jsesc: [ '3.1.0' ],
44 silly audit   json5: [ '2.2.3' ],
44 silly audit   lilconfig: [ '3.1.3' ],
44 silly audit   'lines-and-columns': [ '1.2.4' ],
44 silly audit   'loose-envify': [ '1.4.0' ],
44 silly audit   'lru-cache': [ '5.1.1' ],
44 silly audit   'lucide-react': [ '0.511.0' ],
44 silly audit   'math-intrinsics': [ '1.1.0' ],
44 silly audit   merge2: [ '1.4.1' ],
44 silly audit   micromatch: [ '4.0.8' ],
44 silly audit   'mime-db': [ '1.52.0' ],
44 silly audit   'mime-types': [ '2.1.35' ],
44 silly audit   'motion-dom': [ '12.39.0' ],
44 silly audit   'motion-utils': [ '12.39.0' ],
44 silly audit   ms: [ '2.1.3' ],
44 silly audit   mz: [ '2.7.0' ],
44 silly audit   nanoid: [ '3.3.12' ],
44 silly audit   'node-releases': [ '2.0.44' ],
44 silly audit   'normalize-path': [ '3.0.0' ],
44 silly audit   'object-assign': [ '4.1.1' ],
44 silly audit   'object-hash': [ '3.0.0' ],
44 silly audit   'path-parse': [ '1.0.7' ],
44 silly audit   picocolors: [ '1.1.1' ],
44 silly audit   picomatch: [ '2.3.2', '4.0.4' ],
44 silly audit   pify: [ '2.3.0' ],
44 silly audit   pirates: [ '4.0.7' ],
44 silly audit   postcss: [ '8.5.14' ],
44 silly audit   'postcss-import': [ '15.1.0' ],
44 silly audit   'postcss-js': [ '4.1.0' ],
44 silly audit   'postcss-load-config': [ '6.0.1' ],
44 silly audit   'postcss-nested': [ '6.2.0' ],
44 silly audit   'postcss-selector-parser': [ '6.1.2' ],
44 silly audit   'postcss-value-parser': [ '4.2.0' ],
44 silly audit   'proxy-from-env': [ '2.1.0' ],
44 silly audit   'queue-microtask': [ '1.2.3' ],
44 silly audit   react: [ '18.3.1' ],
44 silly audit   'react-dom': [ '18.3.1' ],
44 silly audit   'react-hot-toast': [ '2.6.0' ],
44 silly audit   'react-refresh': [ '0.17.0' ],
44 silly audit   'read-cache': [ '1.0.0' ],
44 silly audit   readdirp: [ '3.6.0' ],
44 silly audit   resolve: [ '1.22.12' ],
44 silly audit   reusify: [ '1.1.0' ],
44 silly audit   rollup: [ '4.60.4' ],
44 silly audit   'run-parallel': [ '1.2.0' ],
44 silly audit   scheduler: [ '0.23.2' ],
44 silly audit   semver: [ '6.3.1' ],
44 silly audit   'source-map-js': [ '1.2.1' ],
44 silly audit   sucrase: [ '3.35.1' ],
44 silly audit   'supports-preserve-symlinks-flag': [ '1.0.0' ],
44 silly audit   tailwindcss: [ '3.4.19' ],
44 silly audit   thenify: [ '3.3.1' ],
44 silly audit   'thenify-all': [ '1.6.0' ],
44 silly audit   tinyglobby: [ '0.2.16' ],
44 silly audit   fdir: [ '6.5.0' ],
44 silly audit   'to-regex-range': [ '5.0.1' ],
44 silly audit   'ts-interface-checker': [ '0.1.13' ],
44 silly audit   tslib: [ '2.8.1' ],
44 silly audit   typescript: [ '5.9.3' ],
44 silly audit   'update-browserslist-db': [ '1.2.3' ],
44 silly audit   'util-deprecate': [ '1.0.2' ],
44 silly audit   vite: [ '6.4.2' ],
44 silly audit   yallist: [ '3.1.1' ],
44 silly audit   'react-router-dom': [ '6.30.3' ],
44 silly audit   '@remix-run/router': [ '1.23.2' ],
44 silly audit   'react-router': [ '6.30.3' ]
44 silly audit }
45 http cache react-router@https://registry.npmjs.org/react-router/-/react-router-6.30.3.tgz 0ms (cache hit)
46 http cache @remix-run/router@https://registry.npmjs.org/@remix-run/router/-/router-1.23.2.tgz 0ms (cache hit)
47 http cache react-router-dom@https://registry.npmjs.org/react-router-dom/-/react-router-dom-6.30.3.tgz 0ms (cache hit)
48 silly tarball no local data for react-router@https://registry.npmjs.org/react-router/-/react-router-6.30.3.tgz. Extracting by manifest.
49 silly tarball no local data for @remix-run/router@https://registry.npmjs.org/@remix-run/router/-/router-1.23.2.tgz. Extracting by manifest.
50 silly tarball no local data for react-router-dom@https://registry.npmjs.org/react-router-dom/-/react-router-dom-6.30.3.tgz. Extracting by manifest.
51 http fetch POST 200 https://registry.npmjs.org/-/npm/v1/security/advisories/bulk 274ms
52 silly audit report {}
53 http fetch GET 200 https://registry.npmjs.org/react-router/-/react-router-6.30.3.tgz 957ms (cache miss)
54 http fetch GET 200 https://registry.npmjs.org/react-router-dom/-/react-router-dom-6.30.3.tgz 1629ms (cache miss)
55 http fetch GET 200 https://registry.npmjs.org/@remix-run/router/-/router-1.23.2.tgz 2342ms (cache miss)
56 silly ADD node_modules/react-router
57 silly ADD node_modules/@remix-run/router
58 silly ADD node_modules/react-router-dom
59 verbose cwd C:\Users\Mayank\Desktop\Agent_Version_1\frontend
60 verbose os Windows_NT 10.0.26200
61 verbose node v24.14.0
62 verbose npm  v11.9.0
63 notice
63 notice New minor version of npm available! 11.9.0 -> 11.14.1
63 notice Changelog: https://github.com/npm/cli/releases/tag/v11.14.1
63 notice To update run: npm install -g npm@11.14.1
63 notice  { force: true, Symbol(proc-log.meta): true }
64 verbose exit 0
65 info ok
